<?xml version="1.0" encoding="UTF-8"?>
<!-- Generated by org.testng.reporters.JUnitReportReporter -->
<testsuite skipped="0" hostname="DESKTOP-2GL04DH" name="com.softserve.edu.testng.Task_243_TestNG" tests="16" failures="0" timestamp="03 серп. 2020 12:11:49 GMT" time="0.029" errors="0">
  <testcase name="test_B_InValidData" time="0.001" classname="com.softserve.edu.testng.Task_243_TestNG"/>
  <testcase name="test_B_InValidData" time="0.001" classname="com.softserve.edu.testng.Task_243_TestNG"/>
  <testcase name="test_B_ValidData" time="0.001" classname="com.softserve.edu.testng.Task_243_TestNG"/>
  <testcase name="test_A_ValidData" time="0.001" classname="com.softserve.edu.testng.Task_243_TestNG"/>
  <testcase name="test_A_ValidData" time="0.003" classname="com.softserve.edu.testng.Task_243_TestNG"/>
  <testcase name="test_B_ValidDataIntegration" time="0.001" classname="com.softserve.edu.testng.Task_243_TestNG"/>
  <testcase name="test_A_ValidData" time="0.001" classname="com.softserve.edu.testng.Task_243_TestNG"/>
  <testcase name="test_A_ValidDataIntegration" time="0.003" classname="com.softserve.edu.testng.Task_243_TestNG"/>
  <testcase name="test_B_ValidData" time="0.002" classname="com.softserve.edu.testng.Task_243_TestNG"/>
  <testcase name="test_A_InValidData" time="0.001" classname="com.softserve.edu.testng.Task_243_TestNG"/>
  <testcase name="test_B_ValidData" time="0.000" classname="com.softserve.edu.testng.Task_243_TestNG"/>
  <testcase name="test_B_ValidData" time="0.001" classname="com.softserve.edu.testng.Task_243_TestNG"/>
  <testcase name="test_A_ValidData" time="0.002" classname="com.softserve.edu.testng.Task_243_TestNG"/>
  <testcase name="test_A_InValidData" time="0.009" classname="com.softserve.edu.testng.Task_243_TestNG"/>
  <testcase name="test_A_ValidData" time="0.001" classname="com.softserve.edu.testng.Task_243_TestNG"/>
  <testcase name="test_B_ValidData" time="0.001" classname="com.softserve.edu.testng.Task_243_TestNG"/>
</testsuite> <!-- com.softserve.edu.testng.Task_243_TestNG -->
