<?xml version="1.0" encoding="UTF-8"?>
<!-- Generated by org.testng.reporters.JUnitReportReporter -->
<testsuite skipped="0" hostname="DESKTOP-898KCVL" name="task881.FunctionTestNG" tests="12" failures="0" timestamp="19 лип. 2020 20:30:53 GMT" time="0.028" errors="0">
  <testcase name="checkWhenNumberIsInValid" time="0.002" classname="task881.FunctionTestNG"/>
  <testcase name="checkWhenNumberIsInValid" time="0.002" classname="task881.FunctionTestNG"/>
  <testcase name="checkWhenNumberIsInValid" time="0.000" classname="task881.FunctionTestNG"/>
  <testcase name="checkWhenNumberIsValidAndResult" time="0.001" classname="task881.FunctionTestNG"/>
  <testcase name="checkWhenNumberIsInValid" time="0.009" classname="task881.FunctionTestNG"/>
  <testcase name="checkWhenNumberIsValid" time="0.002" classname="task881.FunctionTestNG"/>
  <testcase name="checkWhenNumberIsValid" time="0.001" classname="task881.FunctionTestNG"/>
  <testcase name="checkWhenNumberIsValidAndResult" time="0.002" classname="task881.FunctionTestNG"/>
  <testcase name="checkWhenNumberIsInValid" time="0.002" classname="task881.FunctionTestNG"/>
  <testcase name="checkWhenNumberIsInValid" time="0.002" classname="task881.FunctionTestNG"/>
  <testcase name="checkWhenNumberIsInValid" time="0.002" classname="task881.FunctionTestNG"/>
  <testcase name="checkWhenNumberIsValid" time="0.003" classname="task881.FunctionTestNG"/>
</testsuite> <!-- task881.FunctionTestNG -->
