<?xml version="1.0" encoding="UTF-8"?>
<!-- Generated by org.testng.reporters.JUnitReportReporter -->
<testsuite skipped="0" hostname="DESKTOP-898KCVL" name="task322.FunctionTestNG" tests="18" failures="0" timestamp="19 лип. 2020 21:13:20 GMT" time="0.279" errors="0">
  <testcase name="checkWhenNumberIsInValid" time="0.004" classname="task322.FunctionTestNG"/>
  <testcase name="checkWhenNumberIsInValid" time="0.009" classname="task322.FunctionTestNG"/>
  <testcase name="checkWhenNumberIsValidAndResult" time="0.004" classname="task322.FunctionTestNG"/>
  <testcase name="checkWhenNumberIsInValid" time="0.001" classname="task322.FunctionTestNG"/>
  <testcase name="checkWhenNumberIsInValid" time="0.002" classname="task322.FunctionTestNG"/>
  <testcase name="checkWhenNumberIsInValid" time="0.002" classname="task322.FunctionTestNG"/>
  <testcase name="checkWhenNumberIsInValid" time="0.002" classname="task322.FunctionTestNG"/>
  <testcase name="checkWhenNumberIsInValid" time="0.001" classname="task322.FunctionTestNG"/>
  <testcase name="checkWhenNumberIsInValid" time="0.002" classname="task322.FunctionTestNG"/>
  <testcase name="checkWhenNumberIsInValid" time="0.004" classname="task322.FunctionTestNG"/>
  <testcase name="checkWhenNumberIsInValid" time="0.002" classname="task322.FunctionTestNG"/>
  <testcase name="checkWhenNumberIsInValid" time="0.001" classname="task322.FunctionTestNG"/>
  <testcase name="checkWhenNumberIsInValid" time="0.003" classname="task322.FunctionTestNG"/>
  <testcase name="checkWhenNumberIsValidAndResult" time="0.233" classname="task322.FunctionTestNG"/>
  <testcase name="checkWhenNumberIsValidAndResult" time="0.002" classname="task322.FunctionTestNG"/>
  <testcase name="checkWhenNumberIsInValid" time="0.002" classname="task322.FunctionTestNG"/>
  <testcase name="checkWhenNumberIsInValid" time="0.001" classname="task322.FunctionTestNG"/>
  <testcase name="checkWhenNumberIsValidAndResult" time="0.004" classname="task322.FunctionTestNG"/>
</testsuite> <!-- task322.FunctionTestNG -->
