<?xml version="1.0" encoding="UTF-8"?>
<!-- Generated by org.testng.reporters.JUnitReportReporter -->
<testsuite skipped="0" hostname="DESKTOP-2GL04DH" name="com.softserve.edu.testng.Task_108_TestNG" tests="6" failures="0" timestamp="03 серп. 2020 12:11:49 GMT" time="0.006" errors="0">
  <testcase name="testValidData" time="0.001" classname="com.softserve.edu.testng.Task_108_TestNG"/>
  <testcase name="testInValidData" time="0.000" classname="com.softserve.edu.testng.Task_108_TestNG"/>
  <testcase name="testValidData" time="0.001" classname="com.softserve.edu.testng.Task_108_TestNG"/>
  <testcase name="testValidData" time="0.001" classname="com.softserve.edu.testng.Task_108_TestNG"/>
  <testcase name="testValidDataIntegration" time="0.002" classname="com.softserve.edu.testng.Task_108_TestNG"/>
  <testcase name="testInValidData" time="0.001" classname="com.softserve.edu.testng.Task_108_TestNG"/>
</testsuite> <!-- com.softserve.edu.testng.Task_108_TestNG -->
