<?xml version="1.0" encoding="UTF-8"?>
<!-- Generated by org.testng.reporters.JUnitReportReporter -->
<testsuite skipped="0" hostname="DESKTOP-2GL04DH" name="com.softserve.edu.testng.Task_108_TestNG" tests="10" failures="0" timestamp="19 лип. 2020 14:12:12 GMT" time="0.008" errors="0">
  <testcase name="testOBJNegative108" time="0.001" classname="com.softserve.edu.testng.Task_108_TestNG"/>
  <testcase name="test108" time="0.001" classname="com.softserve.edu.testng.Task_108_TestNG"/>
  <testcase name="testObj108" time="0.001" classname="com.softserve.edu.testng.Task_108_TestNG"/>
  <testcase name="testObj108" time="0.000" classname="com.softserve.edu.testng.Task_108_TestNG"/>
  <testcase name="test108" time="0.000" classname="com.softserve.edu.testng.Task_108_TestNG"/>
  <testcase name="testObj108" time="0.001" classname="com.softserve.edu.testng.Task_108_TestNG"/>
  <testcase name="testNegative108" time="0.001" classname="com.softserve.edu.testng.Task_108_TestNG"/>
  <testcase name="testOBJZero108" time="0.002" classname="com.softserve.edu.testng.Task_108_TestNG"/>
  <testcase name="testZero108" time="0.000" classname="com.softserve.edu.testng.Task_108_TestNG"/>
  <testcase name="test108" time="0.001" classname="com.softserve.edu.testng.Task_108_TestNG"/>
</testsuite> <!-- com.softserve.edu.testng.Task_108_TestNG -->
