<?xml version="1.0" encoding="UTF-8"?>
<!-- Generated by org.testng.reporters.JUnitReportReporter -->
<testsuite skipped="0" hostname="DESKTOP-2GL04DH" name="com.softserve.edu.junit.LVTAQC_62_test" tests="2" failures="0" timestamp="26 лип. 2020 13:06:31 GMT" time="1.061" errors="0">
  <testcase name="verifyElemntsOnSignUPWindow" time="0.443" classname="com.softserve.edu.junit.LVTAQC_62_test"/>
  <testcase name="verifyElemntsOnSignUPWindow" time="0.618" classname="com.softserve.edu.junit.LVTAQC_62_test"/>
</testsuite> <!-- com.softserve.edu.junit.LVTAQC_62_test -->
