<?xml version="1.0" encoding="UTF-8"?>
<!-- Generated by org.testng.reporters.JUnitReportReporter -->
<testsuite skipped="0" hostname="DESKTOP-2GL04DH" name="com.softserve.edu.testng.Task_107_TestNG" tests="10" failures="0" timestamp="19 лип. 2020 14:12:12 GMT" time="0.009" errors="0">
  <testcase name="testObj107" time="0.001" classname="com.softserve.edu.testng.Task_107_TestNG"/>
  <testcase name="testObj107" time="0.001" classname="com.softserve.edu.testng.Task_107_TestNG"/>
  <testcase name="test107" time="0.001" classname="com.softserve.edu.testng.Task_107_TestNG"/>
  <testcase name="testOBJNegative107" time="0.001" classname="com.softserve.edu.testng.Task_107_TestNG"/>
  <testcase name="testNegative107" time="0.001" classname="com.softserve.edu.testng.Task_107_TestNG"/>
  <testcase name="testOne107" time="0.001" classname="com.softserve.edu.testng.Task_107_TestNG"/>
  <testcase name="test107" time="0.001" classname="com.softserve.edu.testng.Task_107_TestNG"/>
  <testcase name="testOBJOne107" time="0.001" classname="com.softserve.edu.testng.Task_107_TestNG"/>
  <testcase name="test107" time="0.001" classname="com.softserve.edu.testng.Task_107_TestNG"/>
  <testcase name="testObj107" time="0.000" classname="com.softserve.edu.testng.Task_107_TestNG"/>
</testsuite> <!-- com.softserve.edu.testng.Task_107_TestNG -->
