<?xml version="1.0" encoding="UTF-8"?>
<!-- Generated by org.testng.reporters.JUnitReportReporter -->
<testsuite skipped="0" hostname="DESKTOP-2GL04DH" name="com.softserve.edu.junit.LVTAQC_58_test" tests="2" failures="0" timestamp="04 серп. 2020 19:58:01 GMT" time="1.558" errors="0">
  <testcase name="IsErrorMessageToEmptyEmailField" time="0.437" classname="com.softserve.edu.junit.LVTAQC_58_test"/>
  <testcase name="logInWithEmptyEmailField" time="1.121" classname="com.softserve.edu.junit.LVTAQC_58_test"/>
</testsuite> <!-- com.softserve.edu.junit.LVTAQC_58_test -->
