<?xml version="1.0" encoding="UTF-8"?>
<!-- Generated by org.testng.reporters.JUnitReportReporter -->
<testsuite skipped="0" hostname="DESKTOP-2GL04DH" name="com.softserve.edu.testng.Task_243_TestNG" tests="14" failures="0" timestamp="19 лип. 2020 14:12:12 GMT" time="0.015" errors="0">
  <testcase name="testZero243a" time="0.000" classname="com.softserve.edu.testng.Task_243_TestNG"/>
  <testcase name="test243a" time="0.001" classname="com.softserve.edu.testng.Task_243_TestNG"/>
  <testcase name="testNegative243b" time="0.000" classname="com.softserve.edu.testng.Task_243_TestNG"/>
  <testcase name="test243b" time="0.001" classname="com.softserve.edu.testng.Task_243_TestNG"/>
  <testcase name="test243a" time="0.001" classname="com.softserve.edu.testng.Task_243_TestNG"/>
  <testcase name="test243a" time="0.001" classname="com.softserve.edu.testng.Task_243_TestNG"/>
  <testcase name="test243b" time="0.000" classname="com.softserve.edu.testng.Task_243_TestNG"/>
  <testcase name="test243b" time="0.001" classname="com.softserve.edu.testng.Task_243_TestNG"/>
  <testcase name="test243b" time="0.001" classname="com.softserve.edu.testng.Task_243_TestNG"/>
  <testcase name="testNegative243a" time="0.001" classname="com.softserve.edu.testng.Task_243_TestNG"/>
  <testcase name="test243a" time="0.001" classname="com.softserve.edu.testng.Task_243_TestNG"/>
  <testcase name="test243b" time="0.000" classname="com.softserve.edu.testng.Task_243_TestNG"/>
  <testcase name="test243a" time="0.007" classname="com.softserve.edu.testng.Task_243_TestNG"/>
  <testcase name="testZero243b" time="0.000" classname="com.softserve.edu.testng.Task_243_TestNG"/>
</testsuite> <!-- com.softserve.edu.testng.Task_243_TestNG -->
