<?xml version="1.0" encoding="UTF-8"?>
<!-- Generated by org.testng.reporters.JUnitReportReporter -->
<testsuite skipped="0" hostname="DESKTOP-2GL04DH" name="com.softserve.edu.junit.LVTAQC_61_test" tests="1" failures="0" timestamp="04 серп. 2020 19:58:01 GMT" time="1.889" errors="0">
  <testcase name="SuccessSignUp" time="1.889" classname="com.softserve.edu.junit.LVTAQC_61_test"/>
</testsuite> <!-- com.softserve.edu.junit.LVTAQC_61_test -->
