<?xml version="1.0" encoding="UTF-8"?>
<!-- Generated by org.testng.reporters.JUnitReportReporter -->
<testsuite skipped="0" hostname="DESKTOP-898KCVL" name="task332.FunctionTestNG" tests="9" failures="0" timestamp="19 лип. 2020 21:46:11 GMT" time="1.446" errors="0">
  <testcase name="checkWhenNumberIsInValid" time="0.002" classname="task332.FunctionTestNG"/>
  <testcase name="checkWhenNumberIsValidAndResult" time="0.002" classname="task332.FunctionTestNG"/>
  <testcase name="checkWhenNumberIsValidAndResult" time="1.419" classname="task332.FunctionTestNG"/>
  <testcase name="checkWhenNumberIsInValid" time="0.003" classname="task332.FunctionTestNG"/>
  <testcase name="checkWhenNumberIsInValid" time="0.009" classname="task332.FunctionTestNG"/>
  <testcase name="checkWhenNumberIsValidAndResult" time="0.003" classname="task332.FunctionTestNG"/>
  <testcase name="checkWhenNumberIsValidAndResult" time="0.001" classname="task332.FunctionTestNG"/>
  <testcase name="checkWhenNumberIsInValid" time="0.002" classname="task332.FunctionTestNG"/>
  <testcase name="checkWhenNumberIsInValid" time="0.005" classname="task332.FunctionTestNG"/>
</testsuite> <!-- task332.FunctionTestNG -->
