<?xml version="1.0" encoding="UTF-8"?>
<!-- Generated by org.testng.reporters.JUnitReportReporter -->
<testsuite skipped="0" hostname="DESKTOP-2GL04DH" name="com.softserve.edu.testng.Task_107_TestNG" tests="6" failures="0" timestamp="03 серп. 2020 12:11:49 GMT" time="0.006" errors="0">
  <testcase name="InValidData" time="0.001" classname="com.softserve.edu.testng.Task_107_TestNG"/>
  <testcase name="ValidData" time="0.001" classname="com.softserve.edu.testng.Task_107_TestNG"/>
  <testcase name="ValidDataIntegration" time="0.001" classname="com.softserve.edu.testng.Task_107_TestNG"/>
  <testcase name="InValidData" time="0.001" classname="com.softserve.edu.testng.Task_107_TestNG"/>
  <testcase name="ValidData" time="0.001" classname="com.softserve.edu.testng.Task_107_TestNG"/>
  <testcase name="ValidData" time="0.001" classname="com.softserve.edu.testng.Task_107_TestNG"/>
</testsuite> <!-- com.softserve.edu.testng.Task_107_TestNG -->
