<?xml version="1.0" encoding="UTF-8"?>
<!-- Generated by org.testng.reporters.JUnitReportReporter -->
<testsuite skipped="0" hostname="DESKTOP-898KCVL" name="task882.FunctionTestNG" tests="9" failures="0" timestamp="19 лип. 2020 20:48:11 GMT" time="0.025" errors="0">
  <testcase name="checkWhenNumberIsInValid" time="0.002" classname="task882.FunctionTestNG"/>
  <testcase name="checkWhenNumberIsValid" time="0.001" classname="task882.FunctionTestNG"/>
  <testcase name="checkWhenNumberIsValid" time="0.002" classname="task882.FunctionTestNG"/>
  <testcase name="checkWhenNumberIsInValid" time="0.001" classname="task882.FunctionTestNG"/>
  <testcase name="checkWhenNumberIsInValid" time="0.008" classname="task882.FunctionTestNG"/>
  <testcase name="checkWhenNumberIsValid" time="0.004" classname="task882.FunctionTestNG"/>
  <testcase name="checkWhenNumberIsValidAndResult" time="0.002" classname="task882.FunctionTestNG"/>
  <testcase name="checkWhenNumberIsInValid" time="0.002" classname="task882.FunctionTestNG"/>
  <testcase name="checkWhenNumberIsInValid" time="0.003" classname="task882.FunctionTestNG"/>
</testsuite> <!-- task882.FunctionTestNG -->
